\BOOKMARK [1][-]{section.1}{\376\377\000I\000n\000t\000r\000o\000d\000u\000c\000t\000i\000o\000n}{}% 1
\BOOKMARK [1][-]{section.2}{\376\377\000M\000a\000t\000e\000r\000i\000a\000l\000\040\000\046\000\040\000M\000e\000t\000h\000o\000d\000s}{}% 2
\BOOKMARK [2][-]{subsection.2.1}{\376\377\000B\000l\000e\000n\000d\000e\000r}{section.2}% 3
\BOOKMARK [2][-]{subsection.2.2}{\376\377\000F\000L\000O\000W\000-\0003\000D}{section.2}% 4
\BOOKMARK [2][-]{subsection.2.3}{\376\377\000P\000y\000t\000h\000o\000n}{section.2}% 5
\BOOKMARK [2][-]{subsection.2.4}{\376\377\000G\000o\000d\000o\000t}{section.2}% 6
\BOOKMARK [2][-]{subsection.2.5}{\376\377\000O\000B\000S\000\040\000S\000t\000u\000d\000i\000o}{section.2}% 7
\BOOKMARK [1][-]{section.3}{\376\377\000R\000e\000s\000u\000l\000t\000s\000\040\000\046\000\040\000D\000i\000s\000c\000u\000s\000s\000i\000o\000n}{}% 8
\BOOKMARK [1][-]{section.4}{\376\377\000C\000o\000n\000c\000l\000u\000s\000i\000o\000n\000s}{}% 9
\BOOKMARK [1][-]{section.5}{\376\377\000A\000c\000k\000n\000o\000w\000l\000e\000d\000g\000e\000m\000e\000n\000t\000s}{}% 10
\BOOKMARK [1][-]{section.6}{\376\377\000R\000e\000f\000e\000r\000e\000n\000c\000e\000s}{}% 11
\BOOKMARK [1][-]{section*.11}{\376\377\000A\000p\000p\000e\000n\000d\000i\000c\000e\000s}{}% 12
\BOOKMARK [1][-]{appendix.a.A}{\376\377\000A\000p\000p\000e\000n\000d\000i\000x\000\040\000E\000x\000t\000e\000r\000n\000a\000l\000\040\000l\000i\000n\000k\000s}{}% 13
\BOOKMARK [2][-]{subsection.a.A.1}{\376\377\000S\000i\000m\000u\000l\000a\000t\000i\000o\000n\000\040\000d\000a\000t\000a}{appendix.a.A}% 14
\BOOKMARK [2][-]{subsection.a.A.2}{\376\377\000P\000y\000t\000h\000o\000n\000\040\000s\000c\000r\000i\000p\000t\000s\000\040\000a\000n\000d\000\040\000m\000o\000d\000e\000l\000s}{appendix.a.A}% 15
\BOOKMARK [3][-]{subsubsection.a.A.2.1}{\376\377\000P\000r\000o\000c\000e\000s\000s\000i\000n\000g\000\040\000d\000a\000t\000a}{subsection.a.A.2}% 16
\BOOKMARK [3][-]{subsubsection.a.A.2.2}{\376\377\000D\000e\000t\000e\000r\000m\000i\000n\000i\000n\000g\000\040\000t\000e\000x\000t\000u\000r\000e\000\040\000d\000i\000m\000e\000n\000s\000i\000o\000n\000s}{subsection.a.A.2}% 17
\BOOKMARK [3][-]{subsubsection.a.A.2.3}{\376\377\000C\000r\000e\000a\000t\000i\000n\000g\000\040\000t\000e\000x\000t\000u\000r\000e\000s}{subsection.a.A.2}% 18
\BOOKMARK [3][-]{subsubsection.a.A.2.4}{\376\377\0003\000D\000\040\000m\000o\000d\000e\000l\000s}{subsection.a.A.2}% 19
\BOOKMARK [2][-]{subsection.a.A.3}{\376\377\000G\000o\000d\000o\000t\000\040\000p\000r\000o\000j\000e\000c\000t}{appendix.a.A}% 20
\BOOKMARK [2][-]{subsection.a.A.4}{\376\377\000A\000n\000i\000m\000a\000t\000i\000o\000n\000s}{appendix.a.A}% 21
